WARNING: A restricted method in java.lang.System has been called
WARNING: java.lang.System::load has been called by org.fusesource.jansi.internal.JansiLoader in an unnamed module (file:/opt/homebrew/Cellar/maven/3.9.9/libexec/lib/jansi-2.4.1.jar)
WARNING: Use --enable-native-access=ALL-UNNAMED to avoid a warning for callers in this module
WARNING: Restricted methods will be blocked in a future release unless native access is enabled

WARNING: A terminally deprecated method in sun.misc.Unsafe has been called
WARNING: sun.misc.Unsafe::objectFieldOffset has been called by com.google.common.util.concurrent.AbstractFuture$UnsafeAtomicHelper (file:/opt/homebrew/Cellar/maven/3.9.9/libexec/lib/guava-33.2.1-jre.jar)
WARNING: Please consider reporting this to the maintainers of class com.google.common.util.concurrent.AbstractFuture$UnsafeAtomicHelper
WARNING: sun.misc.Unsafe::objectFieldOffset will be removed in a future release
[INFO] Scanning for projects...
[INFO] 
[INFO] ---------------------< com.incident:alert-service >---------------------
[INFO] Building alert-service 1.0.0
[INFO]   from pom.xml
[INFO] --------------------------------[ jar ]---------------------------------
[INFO] 
[INFO] >>> spring-boot:3.5.14:run (default-cli) > test-compile @ alert-service >>>
[INFO] 
[INFO] --- resources:3.3.1:resources (default-resources) @ alert-service ---
[INFO] Copying 1 resource from src/main/resources to target/classes
[INFO] Copying 1 resource from src/main/resources to target/classes
[INFO] 
[INFO] --- compiler:3.14.1:compile (default-compile) @ alert-service ---
[INFO] Nothing to compile - all classes are up to date.
[INFO] 
[INFO] --- resources:3.3.1:testResources (default-testResources) @ alert-service ---
[INFO] Copying 1 resource from src/test/resources to target/test-classes
[INFO] 
[INFO] --- compiler:3.14.1:testCompile (default-testCompile) @ alert-service ---
[INFO] Nothing to compile - all classes are up to date.
[INFO] 
[INFO] <<< spring-boot:3.5.14:run (default-cli) < test-compile @ alert-service <<<
[INFO] 
[INFO] 
[INFO] --- spring-boot:3.5.14:run (default-cli) @ alert-service ---
[INFO] Attaching agents: []

  .   ____          _            __ _ _
 /\\ / ___'_ __ _ _(_)_ __  __ _ \ \ \ \
( ( )\___ | '_ | '_| | '_ \/ _` | \ \ \ \
 \\/  ___)| |_)| | | | | || (_| |  ) ) ) )
  '  |____| .__|_| |_|_| |_\__, | / / / /
 =========|_|==============|___/=/_/_/_/

 :: Spring Boot ::               (v3.5.14)

2026-06-14T21:10:47.552+05:30  INFO 59591 --- [           main] c.i.alert.AlertServiceApplication        : Starting AlertServiceApplication using Java 24.0.1 with PID 59591 (/Users/harshitchaudhary/Documents/Workspace-ai-incident-commander/incident-commander-ai/alert-service/target/classes started by harshitchaudhary in /Users/harshitchaudhary/Documents/Workspace-ai-incident-commander/incident-commander-ai/alert-service)
2026-06-14T21:10:47.553+05:30  INFO 59591 --- [           main] c.i.alert.AlertServiceApplication        : No active profile set, falling back to 1 default profile: "default"
2026-06-14T21:10:48.018+05:30  INFO 59591 --- [           main] .s.d.r.c.RepositoryConfigurationDelegate : Multiple Spring Data modules found, entering strict repository configuration mode
2026-06-14T21:10:48.019+05:30  INFO 59591 --- [           main] .s.d.r.c.RepositoryConfigurationDelegate : Bootstrapping Spring Data JPA repositories in DEFAULT mode.
2026-06-14T21:10:48.076+05:30  INFO 59591 --- [           main] .s.d.r.c.RepositoryConfigurationDelegate : Finished Spring Data repository scanning in 54 ms. Found 1 JPA repository interface.
2026-06-14T21:10:48.083+05:30  INFO 59591 --- [           main] .s.d.r.c.RepositoryConfigurationDelegate : Multiple Spring Data modules found, entering strict repository configuration mode
2026-06-14T21:10:48.083+05:30  INFO 59591 --- [           main] .s.d.r.c.RepositoryConfigurationDelegate : Bootstrapping Spring Data Redis repositories in DEFAULT mode.
2026-06-14T21:10:48.090+05:30  INFO 59591 --- [           main] .RepositoryConfigurationExtensionSupport : Spring Data Redis - Could not safely identify store assignment for repository candidate interface com.incident.alert.repository.AlertRepository; If you want this repository to be a Redis repository, consider annotating your entities with one of these annotations: org.springframework.data.redis.core.RedisHash (preferred), or consider extending one of the following types with your repository: org.springframework.data.keyvalue.repository.KeyValueRepository
2026-06-14T21:10:48.090+05:30  INFO 59591 --- [           main] .s.d.r.c.RepositoryConfigurationDelegate : Finished Spring Data repository scanning in 3 ms. Found 0 Redis repository interfaces.
2026-06-14T21:10:48.344+05:30  INFO 59591 --- [           main] o.s.b.w.embedded.tomcat.TomcatWebServer  : Tomcat initialized with port 8083 (http)
2026-06-14T21:10:48.350+05:30  INFO 59591 --- [           main] o.apache.catalina.core.StandardService   : Starting service [Tomcat]
2026-06-14T21:10:48.350+05:30  INFO 59591 --- [           main] o.apache.catalina.core.StandardEngine    : Starting Servlet engine: [Apache Tomcat/10.1.54]
2026-06-14T21:10:48.381+05:30  INFO 59591 --- [           main] o.a.c.c.C.[Tomcat].[localhost].[/]       : Initializing Spring embedded WebApplicationContext
2026-06-14T21:10:48.381+05:30  INFO 59591 --- [           main] w.s.c.ServletWebServerApplicationContext : Root WebApplicationContext: initialization completed in 802 ms
2026-06-14T21:10:48.533+05:30  INFO 59591 --- [           main] com.zaxxer.hikari.HikariDataSource       : HikariPool-1 - Starting...
2026-06-14T21:10:48.660+05:30  INFO 59591 --- [           main] com.zaxxer.hikari.pool.HikariPool        : HikariPool-1 - Added connection org.postgresql.jdbc.PgConnection@10d905c1
2026-06-14T21:10:48.660+05:30  INFO 59591 --- [           main] com.zaxxer.hikari.HikariDataSource       : HikariPool-1 - Start completed.
2026-06-14T21:10:48.701+05:30  INFO 59591 --- [           main] org.flywaydb.core.FlywayExecutor         : Database: jdbc:postgresql://localhost:5432/incidents (PostgreSQL 16.14)
2026-06-14T21:10:48.786+05:30  INFO 59591 --- [           main] o.f.core.internal.command.DbValidate     : Successfully validated 2 migrations (execution time 00:00.026s)
2026-06-14T21:10:48.797+05:30  INFO 59591 --- [           main] o.f.core.internal.command.DbMigrate      : Current version of schema "public": 2
2026-06-14T21:10:48.799+05:30  INFO 59591 --- [           main] o.f.core.internal.command.DbMigrate      : Schema "public" is up to date. No migration necessary.
2026-06-14T21:10:48.839+05:30  INFO 59591 --- [           main] o.hibernate.jpa.internal.util.LogHelper  : HHH000204: Processing PersistenceUnitInfo [name: default]
2026-06-14T21:10:48.855+05:30  INFO 59591 --- [           main] org.hibernate.Version                    : HHH000412: Hibernate ORM core version 6.6.49.Final
2026-06-14T21:10:48.866+05:30  INFO 59591 --- [           main] o.h.c.internal.RegionFactoryInitiator    : HHH000026: Second-level cache disabled
2026-06-14T21:10:48.965+05:30  INFO 59591 --- [           main] o.s.o.j.p.SpringPersistenceUnitInfo      : No LoadTimeWeaver setup: ignoring JPA class transformer
2026-06-14T21:10:49.004+05:30  INFO 59591 --- [           main] org.hibernate.orm.connections.pooling    : HHH10001005: Database info:
	Database JDBC URL [Connecting through datasource 'HikariDataSource (HikariPool-1)']
	Database driver: undefined/unknown
	Database version: 16.14
	Autocommit mode: undefined/unknown
	Isolation level: undefined/unknown
	Minimum pool size: undefined/unknown
	Maximum pool size: undefined/unknown
2026-06-14T21:10:49.377+05:30  INFO 59591 --- [           main] o.h.e.t.j.p.i.JtaPlatformInitiator       : HHH000489: No JTA platform available (set 'hibernate.transaction.jta.platform' to enable JTA platform integration)
2026-06-14T21:10:50.331+05:30  INFO 59591 --- [           main] j.LocalContainerEntityManagerFactoryBean : Initialized JPA EntityManagerFactory for persistence unit 'default'
WARNING: A terminally deprecated method in sun.misc.Unsafe has been called
WARNING: sun.misc.Unsafe::allocateMemory has been called by io.netty.util.internal.PlatformDependent0$2 (file:/Users/harshitchaudhary/.m2/repository/io/netty/netty-common/4.1.132.Final/netty-common-4.1.132.Final.jar)
WARNING: Please consider reporting this to the maintainers of class io.netty.util.internal.PlatformDependent0$2
WARNING: sun.misc.Unsafe::allocateMemory will be removed in a future release
2026-06-14T21:10:51.480+05:30  INFO 59591 --- [           main] o.s.b.a.e.web.EndpointLinksResolver      : Exposing 2 endpoints beneath base path '/actuator'
2026-06-14T21:10:51.566+05:30  INFO 59591 --- [           main] o.s.b.w.embedded.tomcat.TomcatWebServer  : Tomcat started on port 8083 (http) with context path '/'
2026-06-14T21:10:51.583+05:30  INFO 59591 --- [           main] o.a.k.clients.consumer.ConsumerConfig    : ConsumerConfig values: 
	allow.auto.create.topics = true
	auto.commit.interval.ms = 5000
	auto.include.jmx.reporter = true
	auto.offset.reset = earliest
	bootstrap.servers = [localhost:9092]
	check.crcs = true
	client.dns.lookup = use_all_dns_ips
	client.id = consumer-alert-service-group-1
	client.rack = 
	connections.max.idle.ms = 540000
	default.api.timeout.ms = 60000
	enable.auto.commit = false
	enable.metrics.push = true
	exclude.internal.topics = true
	fetch.max.bytes = 52428800
	fetch.max.wait.ms = 500
	fetch.min.bytes = 1
	group.id = alert-service-group
	group.instance.id = null
	group.protocol = classic
	group.remote.assignor = null
	heartbeat.interval.ms = 3000
	interceptor.classes = []
	internal.leave.group.on.close = true
	internal.throw.on.fetch.stable.offset.unsupported = false
	isolation.level = read_uncommitted
	key.deserializer = class org.apache.kafka.common.serialization.StringDeserializer
	max.partition.fetch.bytes = 1048576
	max.poll.interval.ms = 300000
	max.poll.records = 500
	metadata.max.age.ms = 300000
	metadata.recovery.strategy = none
	metric.reporters = []
	metrics.num.samples = 2
	metrics.recording.level = INFO
	metrics.sample.window.ms = 30000
	partition.assignment.strategy = [class org.apache.kafka.clients.consumer.RangeAssignor, class org.apache.kafka.clients.consumer.CooperativeStickyAssignor]
	receive.buffer.bytes = 65536
	reconnect.backoff.max.ms = 1000
	reconnect.backoff.ms = 50
	request.timeout.ms = 30000
	retry.backoff.max.ms = 1000
	retry.backoff.ms = 100
	sasl.client.callback.handler.class = null
	sasl.jaas.config = null
	sasl.kerberos.kinit.cmd = /usr/bin/kinit
	sasl.kerberos.min.time.before.relogin = 60000
	sasl.kerberos.service.name = null
	sasl.kerberos.ticket.renew.jitter = 0.05
	sasl.kerberos.ticket.renew.window.factor = 0.8
	sasl.login.callback.handler.class = null
	sasl.login.class = null
	sasl.login.connect.timeout.ms = null
	sasl.login.read.timeout.ms = null
	sasl.login.refresh.buffer.seconds = 300
	sasl.login.refresh.min.period.seconds = 60
	sasl.login.refresh.window.factor = 0.8
	sasl.login.refresh.window.jitter = 0.05
	sasl.login.retry.backoff.max.ms = 10000
	sasl.login.retry.backoff.ms = 100
	sasl.mechanism = GSSAPI
	sasl.oauthbearer.clock.skew.seconds = 30
	sasl.oauthbearer.expected.audience = null
	sasl.oauthbearer.expected.issuer = null
	sasl.oauthbearer.header.urlencode = false
	sasl.oauthbearer.jwks.endpoint.refresh.ms = 3600000
	sasl.oauthbearer.jwks.endpoint.retry.backoff.max.ms = 10000
	sasl.oauthbearer.jwks.endpoint.retry.backoff.ms = 100
	sasl.oauthbearer.jwks.endpoint.url = null
	sasl.oauthbearer.scope.claim.name = scope
	sasl.oauthbearer.sub.claim.name = sub
	sasl.oauthbearer.token.endpoint.url = null
	security.protocol = PLAINTEXT
	security.providers = null
	send.buffer.bytes = 131072
	session.timeout.ms = 45000
	socket.connection.setup.timeout.max.ms = 30000
	socket.connection.setup.timeout.ms = 10000
	ssl.cipher.suites = null
	ssl.enabled.protocols = [TLSv1.2, TLSv1.3]
	ssl.endpoint.identification.algorithm = https
	ssl.engine.factory.class = null
	ssl.key.password = null
	ssl.keymanager.algorithm = SunX509
	ssl.keystore.certificate.chain = null
	ssl.keystore.key = null
	ssl.keystore.location = null
	ssl.keystore.password = null
	ssl.keystore.type = JKS
	ssl.protocol = TLSv1.3
	ssl.provider = null
	ssl.secure.random.implementation = null
	ssl.trustmanager.algorithm = PKIX
	ssl.truststore.certificates = null
	ssl.truststore.location = null
	ssl.truststore.password = null
	ssl.truststore.type = JKS
	value.deserializer = class org.springframework.kafka.support.serializer.JsonDeserializer

2026-06-14T21:10:51.599+05:30  INFO 59591 --- [           main] o.a.k.c.t.i.KafkaMetricsCollector        : initializing Kafka metrics collector
2026-06-14T21:10:51.678+05:30  INFO 59591 --- [           main] o.a.kafka.common.utils.AppInfoParser     : Kafka version: 3.9.2
2026-06-14T21:10:51.679+05:30  INFO 59591 --- [           main] o.a.kafka.common.utils.AppInfoParser     : Kafka commitId: 5e9866f43ab8e7e4
2026-06-14T21:10:51.679+05:30  INFO 59591 --- [           main] o.a.kafka.common.utils.AppInfoParser     : Kafka startTimeMs: 1781451651678
2026-06-14T21:10:51.683+05:30  INFO 59591 --- [           main] o.a.k.c.c.i.ClassicKafkaConsumer         : [Consumer clientId=consumer-alert-service-group-1, groupId=alert-service-group] Subscribed to topic(s): trace-ingested-topic
2026-06-14T21:10:51.688+05:30  INFO 59591 --- [           main] o.a.k.clients.consumer.ConsumerConfig    : ConsumerConfig values: 
	allow.auto.create.topics = true
	auto.commit.interval.ms = 5000
	auto.include.jmx.reporter = true
	auto.offset.reset = earliest
	bootstrap.servers = [localhost:9092]
	check.crcs = true
	client.dns.lookup = use_all_dns_ips
	client.id = consumer-alert-service-group-2
	client.rack = 
	connections.max.idle.ms = 540000
	default.api.timeout.ms = 60000
	enable.auto.commit = false
	enable.metrics.push = true
	exclude.internal.topics = true
	fetch.max.bytes = 52428800
	fetch.max.wait.ms = 500
	fetch.min.bytes = 1
	group.id = alert-service-group
	group.instance.id = null
	group.protocol = classic
	group.remote.assignor = null
	heartbeat.interval.ms = 3000
	interceptor.classes = []
	internal.leave.group.on.close = true
	internal.throw.on.fetch.stable.offset.unsupported = false
	isolation.level = read_uncommitted
	key.deserializer = class org.apache.kafka.common.serialization.StringDeserializer
	max.partition.fetch.bytes = 1048576
	max.poll.interval.ms = 300000
	max.poll.records = 500
	metadata.max.age.ms = 300000
	metadata.recovery.strategy = none
	metric.reporters = []
	metrics.num.samples = 2
	metrics.recording.level = INFO
	metrics.sample.window.ms = 30000
	partition.assignment.strategy = [class org.apache.kafka.clients.consumer.RangeAssignor, class org.apache.kafka.clients.consumer.CooperativeStickyAssignor]
	receive.buffer.bytes = 65536
	reconnect.backoff.max.ms = 1000
	reconnect.backoff.ms = 50
	request.timeout.ms = 30000
	retry.backoff.max.ms = 1000
	retry.backoff.ms = 100
	sasl.client.callback.handler.class = null
	sasl.jaas.config = null
	sasl.kerberos.kinit.cmd = /usr/bin/kinit
	sasl.kerberos.min.time.before.relogin = 60000
	sasl.kerberos.service.name = null
	sasl.kerberos.ticket.renew.jitter = 0.05
	sasl.kerberos.ticket.renew.window.factor = 0.8
	sasl.login.callback.handler.class = null
	sasl.login.class = null
	sasl.login.connect.timeout.ms = null
	sasl.login.read.timeout.ms = null
	sasl.login.refresh.buffer.seconds = 300
	sasl.login.refresh.min.period.seconds = 60
	sasl.login.refresh.window.factor = 0.8
	sasl.login.refresh.window.jitter = 0.05
	sasl.login.retry.backoff.max.ms = 10000
	sasl.login.retry.backoff.ms = 100
	sasl.mechanism = GSSAPI
	sasl.oauthbearer.clock.skew.seconds = 30
	sasl.oauthbearer.expected.audience = null
	sasl.oauthbearer.expected.issuer = null
	sasl.oauthbearer.header.urlencode = false
	sasl.oauthbearer.jwks.endpoint.refresh.ms = 3600000
	sasl.oauthbearer.jwks.endpoint.retry.backoff.max.ms = 10000
	sasl.oauthbearer.jwks.endpoint.retry.backoff.ms = 100
	sasl.oauthbearer.jwks.endpoint.url = null
	sasl.oauthbearer.scope.claim.name = scope
	sasl.oauthbearer.sub.claim.name = sub
	sasl.oauthbearer.token.endpoint.url = null
	security.protocol = PLAINTEXT
	security.providers = null
	send.buffer.bytes = 131072
	session.timeout.ms = 45000
	socket.connection.setup.timeout.max.ms = 30000
	socket.connection.setup.timeout.ms = 10000
	ssl.cipher.suites = null
	ssl.enabled.protocols = [TLSv1.2, TLSv1.3]
	ssl.endpoint.identification.algorithm = https
	ssl.engine.factory.class = null
	ssl.key.password = null
	ssl.keymanager.algorithm = SunX509
	ssl.keystore.certificate.chain = null
	ssl.keystore.key = null
	ssl.keystore.location = null
	ssl.keystore.password = null
	ssl.keystore.type = JKS
	ssl.protocol = TLSv1.3
	ssl.provider = null
	ssl.secure.random.implementation = null
	ssl.trustmanager.algorithm = PKIX
	ssl.truststore.certificates = null
	ssl.truststore.location = null
	ssl.truststore.password = null
	ssl.truststore.type = JKS
	value.deserializer = class org.springframework.kafka.support.serializer.JsonDeserializer

2026-06-14T21:10:51.688+05:30  INFO 59591 --- [           main] o.a.k.c.t.i.KafkaMetricsCollector        : initializing Kafka metrics collector
2026-06-14T21:10:51.692+05:30  INFO 59591 --- [           main] o.a.kafka.common.utils.AppInfoParser     : Kafka version: 3.9.2
2026-06-14T21:10:51.692+05:30  INFO 59591 --- [           main] o.a.kafka.common.utils.AppInfoParser     : Kafka commitId: 5e9866f43ab8e7e4
2026-06-14T21:10:51.692+05:30  INFO 59591 --- [           main] o.a.kafka.common.utils.AppInfoParser     : Kafka startTimeMs: 1781451651692
2026-06-14T21:10:51.694+05:30  INFO 59591 --- [           main] o.a.k.c.c.i.ClassicKafkaConsumer         : [Consumer clientId=consumer-alert-service-group-2, groupId=alert-service-group] Subscribed to topic(s): trace-ingested-topic
2026-06-14T21:10:51.694+05:30  INFO 59591 --- [           main] o.a.k.clients.consumer.ConsumerConfig    : ConsumerConfig values: 
	allow.auto.create.topics = true
	auto.commit.interval.ms = 5000
	auto.include.jmx.reporter = true
	auto.offset.reset = earliest
	bootstrap.servers = [localhost:9092]
	check.crcs = true
	client.dns.lookup = use_all_dns_ips
	client.id = consumer-alert-service-group-3
	client.rack = 
	connections.max.idle.ms = 540000
	default.api.timeout.ms = 60000
	enable.auto.commit = false
	enable.metrics.push = true
	exclude.internal.topics = true
	fetch.max.bytes = 52428800
	fetch.max.wait.ms = 500
	fetch.min.bytes = 1
	group.id = alert-service-group
	group.instance.id = null
	group.protocol = classic
	group.remote.assignor = null
	heartbeat.interval.ms = 3000
	interceptor.classes = []
	internal.leave.group.on.close = true
	internal.throw.on.fetch.stable.offset.unsupported = false
	isolation.level = read_uncommitted
	key.deserializer = class org.apache.kafka.common.serialization.StringDeserializer
	max.partition.fetch.bytes = 1048576
	max.poll.interval.ms = 300000
	max.poll.records = 500
	metadata.max.age.ms = 300000
	metadata.recovery.strategy = none
	metric.reporters = []
	metrics.num.samples = 2
	metrics.recording.level = INFO
	metrics.sample.window.ms = 30000
	partition.assignment.strategy = [class org.apache.kafka.clients.consumer.RangeAssignor, class org.apache.kafka.clients.consumer.CooperativeStickyAssignor]
	receive.buffer.bytes = 65536
	reconnect.backoff.max.ms = 1000
	reconnect.backoff.ms = 50
	request.timeout.ms = 30000
	retry.backoff.max.ms = 1000
	retry.backoff.ms = 100
	sasl.client.callback.handler.class = null
	sasl.jaas.config = null
	sasl.kerberos.kinit.cmd = /usr/bin/kinit
	sasl.kerberos.min.time.before.relogin = 60000
	sasl.kerberos.service.name = null
	sasl.kerberos.ticket.renew.jitter = 0.05
	sasl.kerberos.ticket.renew.window.factor = 0.8
	sasl.login.callback.handler.class = null
	sasl.login.class = null
	sasl.login.connect.timeout.ms = null
	sasl.login.read.timeout.ms = null
	sasl.login.refresh.buffer.seconds = 300
	sasl.login.refresh.min.period.seconds = 60
	sasl.login.refresh.window.factor = 0.8
	sasl.login.refresh.window.jitter = 0.05
	sasl.login.retry.backoff.max.ms = 10000
	sasl.login.retry.backoff.ms = 100
	sasl.mechanism = GSSAPI
	sasl.oauthbearer.clock.skew.seconds = 30
	sasl.oauthbearer.expected.audience = null
	sasl.oauthbearer.expected.issuer = null
	sasl.oauthbearer.header.urlencode = false
	sasl.oauthbearer.jwks.endpoint.refresh.ms = 3600000
	sasl.oauthbearer.jwks.endpoint.retry.backoff.max.ms = 10000
	sasl.oauthbearer.jwks.endpoint.retry.backoff.ms = 100
	sasl.oauthbearer.jwks.endpoint.url = null
	sasl.oauthbearer.scope.claim.name = scope
	sasl.oauthbearer.sub.claim.name = sub
	sasl.oauthbearer.token.endpoint.url = null
	security.protocol = PLAINTEXT
	security.providers = null
	send.buffer.bytes = 131072
	session.timeout.ms = 45000
	socket.connection.setup.timeout.max.ms = 30000
	socket.connection.setup.timeout.ms = 10000
	ssl.cipher.suites = null
	ssl.enabled.protocols = [TLSv1.2, TLSv1.3]
	ssl.endpoint.identification.algorithm = https
	ssl.engine.factory.class = null
	ssl.key.password = null
	ssl.keymanager.algorithm = SunX509
	ssl.keystore.certificate.chain = null
	ssl.keystore.key = null
	ssl.keystore.location = null
	ssl.keystore.password = null
	ssl.keystore.type = JKS
	ssl.protocol = TLSv1.3
	ssl.provider = null
	ssl.secure.random.implementation = null
	ssl.trustmanager.algorithm = PKIX
	ssl.truststore.certificates = null
	ssl.truststore.location = null
	ssl.truststore.password = null
	ssl.truststore.type = JKS
	value.deserializer = class org.springframework.kafka.support.serializer.JsonDeserializer

2026-06-14T21:10:51.694+05:30  INFO 59591 --- [           main] o.a.k.c.t.i.KafkaMetricsCollector        : initializing Kafka metrics collector
2026-06-14T21:10:51.698+05:30  INFO 59591 --- [           main] o.a.kafka.common.utils.AppInfoParser     : Kafka version: 3.9.2
2026-06-14T21:10:51.698+05:30  INFO 59591 --- [           main] o.a.kafka.common.utils.AppInfoParser     : Kafka commitId: 5e9866f43ab8e7e4
2026-06-14T21:10:51.698+05:30  INFO 59591 --- [           main] o.a.kafka.common.utils.AppInfoParser     : Kafka startTimeMs: 1781451651698
2026-06-14T21:10:51.699+05:30  INFO 59591 --- [           main] o.a.k.c.c.i.ClassicKafkaConsumer         : [Consumer clientId=consumer-alert-service-group-3, groupId=alert-service-group] Subscribed to topic(s): trace-ingested-topic
2026-06-14T21:10:51.710+05:30  INFO 59591 --- [           main] c.i.alert.AlertServiceApplication        : Started AlertServiceApplication in 4.344 seconds (process running for 4.492)
2026-06-14T21:10:51.903+05:30  INFO 59591 --- [ntainer#0-0-C-1] org.apache.kafka.clients.Metadata        : [Consumer clientId=consumer-alert-service-group-1, groupId=alert-service-group] Cluster ID: 5L6g3nShT-eMCtK--X86sw
2026-06-14T21:10:51.903+05:30  INFO 59591 --- [ntainer#0-2-C-1] org.apache.kafka.clients.Metadata        : [Consumer clientId=consumer-alert-service-group-3, groupId=alert-service-group] Cluster ID: 5L6g3nShT-eMCtK--X86sw
2026-06-14T21:10:51.904+05:30  INFO 59591 --- [ntainer#0-1-C-1] org.apache.kafka.clients.Metadata        : [Consumer clientId=consumer-alert-service-group-2, groupId=alert-service-group] Cluster ID: 5L6g3nShT-eMCtK--X86sw
2026-06-14T21:10:51.970+05:30  INFO 59591 --- [ntainer#0-2-C-1] o.a.k.c.c.internals.ConsumerCoordinator  : [Consumer clientId=consumer-alert-service-group-3, groupId=alert-service-group] Discovered group coordinator localhost:9092 (id: 2147483646 rack: null)
2026-06-14T21:10:51.970+05:30  INFO 59591 --- [ntainer#0-1-C-1] o.a.k.c.c.internals.ConsumerCoordinator  : [Consumer clientId=consumer-alert-service-group-2, groupId=alert-service-group] Discovered group coordinator localhost:9092 (id: 2147483646 rack: null)
2026-06-14T21:10:51.970+05:30  INFO 59591 --- [ntainer#0-0-C-1] o.a.k.c.c.internals.ConsumerCoordinator  : [Consumer clientId=consumer-alert-service-group-1, groupId=alert-service-group] Discovered group coordinator localhost:9092 (id: 2147483646 rack: null)
2026-06-14T21:10:51.972+05:30  INFO 59591 --- [ntainer#0-0-C-1] o.a.k.c.c.internals.ConsumerCoordinator  : [Consumer clientId=consumer-alert-service-group-1, groupId=alert-service-group] (Re-)joining group
2026-06-14T21:10:51.972+05:30  INFO 59591 --- [ntainer#0-1-C-1] o.a.k.c.c.internals.ConsumerCoordinator  : [Consumer clientId=consumer-alert-service-group-2, groupId=alert-service-group] (Re-)joining group
2026-06-14T21:10:51.973+05:30  INFO 59591 --- [ntainer#0-2-C-1] o.a.k.c.c.internals.ConsumerCoordinator  : [Consumer clientId=consumer-alert-service-group-3, groupId=alert-service-group] (Re-)joining group
2026-06-14T21:10:52.058+05:30  INFO 59591 --- [ntainer#0-1-C-1] o.a.k.c.c.internals.ConsumerCoordinator  : [Consumer clientId=consumer-alert-service-group-2, groupId=alert-service-group] Request joining group due to: need to re-join with the given member-id: consumer-alert-service-group-2-f609ec73-5d68-429f-a0b5-90beaec39ad4
2026-06-14T21:10:52.059+05:30  INFO 59591 --- [ntainer#0-1-C-1] o.a.k.c.c.internals.ConsumerCoordinator  : [Consumer clientId=consumer-alert-service-group-2, groupId=alert-service-group] (Re-)joining group
2026-06-14T21:10:52.059+05:30  INFO 59591 --- [ntainer#0-0-C-1] o.a.k.c.c.internals.ConsumerCoordinator  : [Consumer clientId=consumer-alert-service-group-1, groupId=alert-service-group] Request joining group due to: need to re-join with the given member-id: consumer-alert-service-group-1-b825982f-e773-47dd-8f41-20d91cf5acca
2026-06-14T21:10:52.059+05:30  INFO 59591 --- [ntainer#0-2-C-1] o.a.k.c.c.internals.ConsumerCoordinator  : [Consumer clientId=consumer-alert-service-group-3, groupId=alert-service-group] Request joining group due to: need to re-join with the given member-id: consumer-alert-service-group-3-8ccbdf55-6921-43af-b143-791e80f4baa7
2026-06-14T21:10:52.059+05:30  INFO 59591 --- [ntainer#0-0-C-1] o.a.k.c.c.internals.ConsumerCoordinator  : [Consumer clientId=consumer-alert-service-group-1, groupId=alert-service-group] (Re-)joining group
2026-06-14T21:10:52.059+05:30  INFO 59591 --- [ntainer#0-2-C-1] o.a.k.c.c.internals.ConsumerCoordinator  : [Consumer clientId=consumer-alert-service-group-3, groupId=alert-service-group] (Re-)joining group
2026-06-14T21:11:23.563+05:30  INFO 59591 --- [ntainer#0-1-C-1] o.a.k.c.c.internals.ConsumerCoordinator  : [Consumer clientId=consumer-alert-service-group-2, groupId=alert-service-group] Successfully joined group with generation Generation{generationId=5, memberId='consumer-alert-service-group-2-f609ec73-5d68-429f-a0b5-90beaec39ad4', protocol='range'}
2026-06-14T21:11:23.563+05:30  INFO 59591 --- [ntainer#0-2-C-1] o.a.k.c.c.internals.ConsumerCoordinator  : [Consumer clientId=consumer-alert-service-group-3, groupId=alert-service-group] Successfully joined group with generation Generation{generationId=5, memberId='consumer-alert-service-group-3-8ccbdf55-6921-43af-b143-791e80f4baa7', protocol='range'}
2026-06-14T21:11:23.563+05:30  INFO 59591 --- [ntainer#0-0-C-1] o.a.k.c.c.internals.ConsumerCoordinator  : [Consumer clientId=consumer-alert-service-group-1, groupId=alert-service-group] Successfully joined group with generation Generation{generationId=5, memberId='consumer-alert-service-group-1-b825982f-e773-47dd-8f41-20d91cf5acca', protocol='range'}
2026-06-14T21:11:23.598+05:30  INFO 59591 --- [ntainer#0-2-C-1] o.a.k.c.c.internals.ConsumerCoordinator  : [Consumer clientId=consumer-alert-service-group-3, groupId=alert-service-group] Finished assignment for group at generation 5: {consumer-alert-service-group-3-8ccbdf55-6921-43af-b143-791e80f4baa7=Assignment(partitions=[trace-ingested-topic-2]), consumer-alert-service-group-1-b825982f-e773-47dd-8f41-20d91cf5acca=Assignment(partitions=[trace-ingested-topic-0]), consumer-alert-service-group-2-f609ec73-5d68-429f-a0b5-90beaec39ad4=Assignment(partitions=[trace-ingested-topic-1])}
2026-06-14T21:11:23.653+05:30  INFO 59591 --- [ntainer#0-0-C-1] o.a.k.c.c.internals.ConsumerCoordinator  : [Consumer clientId=consumer-alert-service-group-1, groupId=alert-service-group] Successfully synced group in generation Generation{generationId=5, memberId='consumer-alert-service-group-1-b825982f-e773-47dd-8f41-20d91cf5acca', protocol='range'}
2026-06-14T21:11:23.653+05:30  INFO 59591 --- [ntainer#0-2-C-1] o.a.k.c.c.internals.ConsumerCoordinator  : [Consumer clientId=consumer-alert-service-group-3, groupId=alert-service-group] Successfully synced group in generation Generation{generationId=5, memberId='consumer-alert-service-group-3-8ccbdf55-6921-43af-b143-791e80f4baa7', protocol='range'}
2026-06-14T21:11:23.653+05:30  INFO 59591 --- [ntainer#0-1-C-1] o.a.k.c.c.internals.ConsumerCoordinator  : [Consumer clientId=consumer-alert-service-group-2, groupId=alert-service-group] Successfully synced group in generation Generation{generationId=5, memberId='consumer-alert-service-group-2-f609ec73-5d68-429f-a0b5-90beaec39ad4', protocol='range'}
2026-06-14T21:11:23.653+05:30  INFO 59591 --- [ntainer#0-1-C-1] o.a.k.c.c.internals.ConsumerCoordinator  : [Consumer clientId=consumer-alert-service-group-2, groupId=alert-service-group] Notifying assignor about the new Assignment(partitions=[trace-ingested-topic-1])
2026-06-14T21:11:23.653+05:30  INFO 59591 --- [ntainer#0-0-C-1] o.a.k.c.c.internals.ConsumerCoordinator  : [Consumer clientId=consumer-alert-service-group-1, groupId=alert-service-group] Notifying assignor about the new Assignment(partitions=[trace-ingested-topic-0])
2026-06-14T21:11:23.653+05:30  INFO 59591 --- [ntainer#0-2-C-1] o.a.k.c.c.internals.ConsumerCoordinator  : [Consumer clientId=consumer-alert-service-group-3, groupId=alert-service-group] Notifying assignor about the new Assignment(partitions=[trace-ingested-topic-2])
2026-06-14T21:11:23.657+05:30  INFO 59591 --- [ntainer#0-1-C-1] k.c.c.i.ConsumerRebalanceListenerInvoker : [Consumer clientId=consumer-alert-service-group-2, groupId=alert-service-group] Adding newly assigned partitions: trace-ingested-topic-1
2026-06-14T21:11:23.657+05:30  INFO 59591 --- [ntainer#0-0-C-1] k.c.c.i.ConsumerRebalanceListenerInvoker : [Consumer clientId=consumer-alert-service-group-1, groupId=alert-service-group] Adding newly assigned partitions: trace-ingested-topic-0
2026-06-14T21:11:23.657+05:30  INFO 59591 --- [ntainer#0-2-C-1] k.c.c.i.ConsumerRebalanceListenerInvoker : [Consumer clientId=consumer-alert-service-group-3, groupId=alert-service-group] Adding newly assigned partitions: trace-ingested-topic-2
2026-06-14T21:11:23.677+05:30  INFO 59591 --- [ntainer#0-2-C-1] o.a.k.c.c.internals.ConsumerUtils        : Setting offset for partition trace-ingested-topic-2 to the committed offset FetchPosition{offset=7, offsetEpoch=Optional.empty, currentLeader=LeaderAndEpoch{leader=Optional[localhost:9092 (id: 1 rack: null)], epoch=6}}
2026-06-14T21:11:23.677+05:30  INFO 59591 --- [ntainer#0-1-C-1] o.a.k.c.c.internals.ConsumerUtils        : Setting offset for partition trace-ingested-topic-1 to the committed offset FetchPosition{offset=13, offsetEpoch=Optional.empty, currentLeader=LeaderAndEpoch{leader=Optional[localhost:9092 (id: 1 rack: null)], epoch=6}}
2026-06-14T21:11:23.677+05:30  INFO 59591 --- [ntainer#0-0-C-1] o.a.k.c.c.internals.ConsumerUtils        : Setting offset for partition trace-ingested-topic-0 to the committed offset FetchPosition{offset=7, offsetEpoch=Optional.empty, currentLeader=LeaderAndEpoch{leader=Optional[localhost:9092 (id: 1 rack: null)], epoch=6}}
2026-06-14T21:11:32.284+05:30  INFO 59591 --- [ntainer#0-1-C-1] c.i.alert.kafka.TraceEventConsumer       : Processing trace event. traceId=63178de72f6942a284b18ca348a190d7 status=ERROR failureType=DB_TIMEOUT eventId=31d45ec5-b80f-4980-b5d1-d86f492ada93
2026-06-14T21:11:32.484+05:30  INFO 59591 --- [ntainer#0-1-C-1] c.i.alert.service.AlertCreationService   : Alert created. alertId=ALT-1935ad0a traceId=63178de72f6942a284b18ca348a190d7 severity=CRITICAL title=order-service — DB TIMEOUT
2026-06-14T21:11:32.501+05:30  INFO 59591 --- [         task-2] o.a.k.clients.producer.ProducerConfig    : ProducerConfig values: 
	acks = -1
	auto.include.jmx.reporter = true
	batch.size = 16384
	bootstrap.servers = [localhost:9092]
	buffer.memory = 33554432
	client.dns.lookup = use_all_dns_ips
	client.id = producer-1
	compression.gzip.level = -1
	compression.lz4.level = 9
	compression.type = none
	compression.zstd.level = 3
	connections.max.idle.ms = 540000
	delivery.timeout.ms = 120000
	enable.idempotence = true
	enable.metrics.push = true
	interceptor.classes = []
	key.serializer = class org.apache.kafka.common.serialization.StringSerializer
	linger.ms = 0
	max.block.ms = 60000
	max.in.flight.requests.per.connection = 5
	max.request.size = 1048576
	metadata.max.age.ms = 300000
	metadata.max.idle.ms = 300000
	metadata.recovery.strategy = none
	metric.reporters = []
	metrics.num.samples = 2
	metrics.recording.level = INFO
	metrics.sample.window.ms = 30000
	partitioner.adaptive.partitioning.enable = true
	partitioner.availability.timeout.ms = 0
	partitioner.class = null
	partitioner.ignore.keys = false
	receive.buffer.bytes = 32768
	reconnect.backoff.max.ms = 1000
	reconnect.backoff.ms = 50
	request.timeout.ms = 30000
	retries = 2147483647
	retry.backoff.max.ms = 1000
	retry.backoff.ms = 100
	sasl.client.callback.handler.class = null
	sasl.jaas.config = null
	sasl.kerberos.kinit.cmd = /usr/bin/kinit
	sasl.kerberos.min.time.before.relogin = 60000
	sasl.kerberos.service.name = null
	sasl.kerberos.ticket.renew.jitter = 0.05
	sasl.kerberos.ticket.renew.window.factor = 0.8
	sasl.login.callback.handler.class = null
	sasl.login.class = null
	sasl.login.connect.timeout.ms = null
	sasl.login.read.timeout.ms = null
	sasl.login.refresh.buffer.seconds = 300
	sasl.login.refresh.min.period.seconds = 60
	sasl.login.refresh.window.factor = 0.8
	sasl.login.refresh.window.jitter = 0.05
	sasl.login.retry.backoff.max.ms = 10000
	sasl.login.retry.backoff.ms = 100
	sasl.mechanism = GSSAPI
	sasl.oauthbearer.clock.skew.seconds = 30
	sasl.oauthbearer.expected.audience = null
	sasl.oauthbearer.expected.issuer = null
	sasl.oauthbearer.header.urlencode = false
	sasl.oauthbearer.jwks.endpoint.refresh.ms = 3600000
	sasl.oauthbearer.jwks.endpoint.retry.backoff.max.ms = 10000
	sasl.oauthbearer.jwks.endpoint.retry.backoff.ms = 100
	sasl.oauthbearer.jwks.endpoint.url = null
	sasl.oauthbearer.scope.claim.name = scope
	sasl.oauthbearer.sub.claim.name = sub
	sasl.oauthbearer.token.endpoint.url = null
	security.protocol = PLAINTEXT
	security.providers = null
	send.buffer.bytes = 131072
	socket.connection.setup.timeout.max.ms = 30000
	socket.connection.setup.timeout.ms = 10000
	ssl.cipher.suites = null
	ssl.enabled.protocols = [TLSv1.2, TLSv1.3]
	ssl.endpoint.identification.algorithm = https
	ssl.engine.factory.class = null
	ssl.key.password = null
	ssl.keymanager.algorithm = SunX509
	ssl.keystore.certificate.chain = null
	ssl.keystore.key = null
	ssl.keystore.location = null
	ssl.keystore.password = null
	ssl.keystore.type = JKS
	ssl.protocol = TLSv1.3
	ssl.provider = null
	ssl.secure.random.implementation = null
	ssl.trustmanager.algorithm = PKIX
	ssl.truststore.certificates = null
	ssl.truststore.location = null
	ssl.truststore.password = null
	ssl.truststore.type = JKS
	transaction.timeout.ms = 60000
	transactional.id = null
	value.serializer = class org.springframework.kafka.support.serializer.JsonSerializer

2026-06-14T21:11:32.502+05:30  INFO 59591 --- [         task-2] o.a.k.c.t.i.KafkaMetricsCollector        : initializing Kafka metrics collector
2026-06-14T21:11:32.520+05:30  INFO 59591 --- [         task-2] o.a.k.clients.producer.KafkaProducer     : [Producer clientId=producer-1] Instantiated an idempotent producer.
2026-06-14T21:11:32.531+05:30  INFO 59591 --- [         task-2] o.a.kafka.common.utils.AppInfoParser     : Kafka version: 3.9.2
2026-06-14T21:11:32.531+05:30  INFO 59591 --- [         task-2] o.a.kafka.common.utils.AppInfoParser     : Kafka commitId: 5e9866f43ab8e7e4
2026-06-14T21:11:32.531+05:30  INFO 59591 --- [         task-2] o.a.kafka.common.utils.AppInfoParser     : Kafka startTimeMs: 1781451692530
2026-06-14T21:11:32.545+05:30  INFO 59591 --- [ad | producer-1] org.apache.kafka.clients.Metadata        : [Producer clientId=producer-1] Cluster ID: 5L6g3nShT-eMCtK--X86sw
2026-06-14T21:11:32.551+05:30  INFO 59591 --- [ad | producer-1] o.a.k.c.p.internals.TransactionManager   : [Producer clientId=producer-1] ProducerId set to 6 with epoch 0
2026-06-14T21:11:32.553+05:30  INFO 59591 --- [         task-2] c.i.alert.kafka.AlertEventProducer       : Published alert event to Kafka. topic=alert-events-topic alertId=ALT-1935ad0a traceId=63178de72f6942a284b18ca348a190d7
2026-06-14T21:11:32.780+05:30  INFO 59591 --- [         task-1] c.i.alert.redis.AlertRedisPublisher      : Published to Redis. channel=alerts:live alertId=ALT-1935ad0a traceId=63178de72f6942a284b18ca348a190d7
2026-06-14T21:12:22.681+05:30  INFO 59591 --- [nio-8083-exec-1] o.a.c.c.C.[Tomcat].[localhost].[/]       : Initializing Spring DispatcherServlet 'dispatcherServlet'
2026-06-14T21:12:22.682+05:30  INFO 59591 --- [nio-8083-exec-1] o.s.web.servlet.DispatcherServlet        : Initializing Servlet 'dispatcherServlet'
2026-06-14T21:12:22.690+05:30  INFO 59591 --- [nio-8083-exec-1] o.s.web.servlet.DispatcherServlet        : Completed initialization in 8 ms
2026-06-14T21:20:31.983+05:30  INFO 59591 --- [ntainer#0-0-C-1] c.i.alert.kafka.TraceEventConsumer       : Processing trace event. traceId=db8fb1ad57c34500b2b186fefc9218a2 status=ERROR failureType=RUNTIME_EXCEPTION eventId=fa0f0483-e52f-4805-84af-0475bdc79ac2
2026-06-14T21:20:32.020+05:30  INFO 59591 --- [ntainer#0-0-C-1] c.i.alert.service.AlertCreationService   : Alert created. alertId=ALT-3ca304eb traceId=db8fb1ad57c34500b2b186fefc9218a2 severity=CRITICAL title=order-service — RUNTIME EXCEPTION
2026-06-14T21:20:32.069+05:30  INFO 59591 --- [         task-4] c.i.alert.kafka.AlertEventProducer       : Published alert event to Kafka. topic=alert-events-topic alertId=ALT-3ca304eb traceId=db8fb1ad57c34500b2b186fefc9218a2
2026-06-14T21:20:32.096+05:30  INFO 59591 --- [         task-3] c.i.alert.redis.AlertRedisPublisher      : Published to Redis. channel=alerts:live alertId=ALT-3ca304eb traceId=db8fb1ad57c34500b2b186fefc9218a2
2026-06-14T21:20:41.794+05:30  INFO 59591 --- [ntainer#0-1-C-1] c.i.alert.kafka.TraceEventConsumer       : Processing trace event. traceId=b694baf833ca41a68969edc053bd1565 status=ERROR failureType=SLOW_RESPONSE eventId=5f47b9ce-cd1b-4513-bfe1-517245420ad1
2026-06-14T21:20:41.813+05:30  INFO 59591 --- [ntainer#0-1-C-1] c.i.alert.service.AlertCreationService   : Alert created. alertId=ALT-1ab675e0 traceId=b694baf833ca41a68969edc053bd1565 severity=MEDIUM title=order-service — SLOW RESPONSE
2026-06-14T21:20:41.818+05:30  INFO 59591 --- [         task-6] c.i.alert.kafka.AlertEventProducer       : Published alert event to Kafka. topic=alert-events-topic alertId=ALT-1ab675e0 traceId=b694baf833ca41a68969edc053bd1565
2026-06-14T21:20:41.822+05:30  INFO 59591 --- [         task-5] c.i.alert.redis.AlertRedisPublisher      : Published to Redis. channel=alerts:live alertId=ALT-1ab675e0 traceId=b694baf833ca41a68969edc053bd1565
2026-06-14T21:32:07.622+05:30  INFO 59591 --- [ntainer#0-0-C-1] c.i.alert.kafka.TraceEventConsumer       : Processing trace event. traceId=2fa6b2e3023e4348abd7af2cbfb6b594 status=ERROR failureType=RUNTIME_EXCEPTION eventId=05b870be-ac82-4d9b-9977-46a013dad7ae
2026-06-14T21:32:07.760+05:30  INFO 59591 --- [ntainer#0-0-C-1] c.i.alert.service.AlertCreationService   : Alert created. alertId=ALT-60c6d552 traceId=2fa6b2e3023e4348abd7af2cbfb6b594 severity=CRITICAL title=order-service — RUNTIME EXCEPTION
2026-06-14T21:32:07.814+05:30  INFO 59591 --- [         task-8] c.i.alert.kafka.AlertEventProducer       : Published alert event to Kafka. topic=alert-events-topic alertId=ALT-60c6d552 traceId=2fa6b2e3023e4348abd7af2cbfb6b594
2026-06-14T21:32:07.872+05:30  INFO 59591 --- [         task-7] c.i.alert.redis.AlertRedisPublisher      : Published to Redis. channel=alerts:live alertId=ALT-60c6d552 traceId=2fa6b2e3023e4348abd7af2cbfb6b594
2026-06-14T21:32:20.883+05:30  INFO 59591 --- [nio-8083-exec-7] c.i.alert.service.AlertQueryService      : Alert status updated. alertId=ALT-60c6d552 oldStatus=OPEN newStatus=ACKNOWLEDGED
2026-06-14T22:11:05.748+05:30  INFO 59591 --- [ntainer#0-2-C-1] c.i.alert.kafka.TraceEventConsumer       : Processing trace event. traceId=3866000aca9d4f959afa53a3191f6cdf status=ERROR failureType=DB_TIMEOUT eventId=e7ed4afa-4a78-42dc-95df-3ac8b87e09a2
2026-06-14T22:11:06.304+05:30  INFO 59591 --- [ntainer#0-2-C-1] c.i.alert.service.AlertCreationService   : Alert created. alertId=ALT-a029329b traceId=3866000aca9d4f959afa53a3191f6cdf severity=HIGH title=order-service — DB TIMEOUT
2026-06-14T22:11:06.363+05:30  INFO 59591 --- [        task-10] c.i.alert.kafka.AlertEventProducer       : Published alert event to Kafka. topic=alert-events-topic alertId=ALT-a029329b traceId=3866000aca9d4f959afa53a3191f6cdf
2026-06-14T22:11:06.437+05:30  INFO 59591 --- [         task-9] c.i.alert.redis.AlertRedisPublisher      : Published to Redis. channel=alerts:live alertId=ALT-a029329b traceId=3866000aca9d4f959afa53a3191f6cdf
2026-06-14T22:11:26.718+05:30  INFO 59591 --- [ntainer#0-1-C-1] c.i.alert.kafka.TraceEventConsumer       : Processing trace event. traceId=719dad73bdd54913a89fbbfbaf4f167b status=ERROR failureType=DB_TIMEOUT eventId=ffde743d-a6b6-4290-99e0-f33d0cf3325f
2026-06-14T22:11:26.746+05:30  INFO 59591 --- [ntainer#0-1-C-1] c.i.alert.service.AlertCreationService   : Alert created. alertId=ALT-2ac126b2 traceId=719dad73bdd54913a89fbbfbaf4f167b severity=HIGH title=order-service — DB TIMEOUT
2026-06-14T22:11:26.768+05:30  INFO 59591 --- [        task-12] c.i.alert.kafka.AlertEventProducer       : Published alert event to Kafka. topic=alert-events-topic alertId=ALT-2ac126b2 traceId=719dad73bdd54913a89fbbfbaf4f167b
2026-06-14T22:11:26.776+05:30  INFO 59591 --- [        task-11] c.i.alert.redis.AlertRedisPublisher      : Published to Redis. channel=alerts:live alertId=ALT-2ac126b2 traceId=719dad73bdd54913a89fbbfbaf4f167b
2026-06-14T22:19:01.406+05:30  INFO 59591 --- [ntainer#0-1-C-1] c.i.alert.kafka.TraceEventConsumer       : Processing trace event. traceId=8d470f3a1e5640688f7cf31c2e9a3d22 status=ERROR failureType=DB_TIMEOUT eventId=b1fcfa12-1de4-4735-b773-74ca81de1767
2026-06-14T22:19:01.751+05:30  INFO 59591 --- [ntainer#0-1-C-1] c.i.alert.service.AlertCreationService   : Alert created. alertId=ALT-cb76753c traceId=8d470f3a1e5640688f7cf31c2e9a3d22 severity=HIGH title=order-service — DB TIMEOUT
2026-06-14T22:19:01.808+05:30  INFO 59591 --- [        task-14] c.i.alert.kafka.AlertEventProducer       : Published alert event to Kafka. topic=alert-events-topic alertId=ALT-cb76753c traceId=8d470f3a1e5640688f7cf31c2e9a3d22
2026-06-14T22:19:01.849+05:30  INFO 59591 --- [        task-13] c.i.alert.redis.AlertRedisPublisher      : Published to Redis. channel=alerts:live alertId=ALT-cb76753c traceId=8d470f3a1e5640688f7cf31c2e9a3d22
2026-06-14T22:23:21.464+05:30  INFO 59591 --- [ntainer#0-1-C-1] c.i.alert.kafka.TraceEventConsumer       : Processing trace event. traceId=9a9020830f5a4994aa1301bdd3154d33 status=ERROR failureType=RUNTIME_EXCEPTION eventId=30a209cf-0e9f-4cdf-9b68-591ebff52cee
2026-06-14T22:23:21.786+05:30  INFO 59591 --- [ntainer#0-1-C-1] c.i.alert.service.AlertCreationService   : Alert created. alertId=ALT-20e41de6 traceId=9a9020830f5a4994aa1301bdd3154d33 severity=CRITICAL title=order-service — RUNTIME EXCEPTION
2026-06-14T22:23:21.847+05:30  INFO 59591 --- [        task-16] c.i.alert.kafka.AlertEventProducer       : Published alert event to Kafka. topic=alert-events-topic alertId=ALT-20e41de6 traceId=9a9020830f5a4994aa1301bdd3154d33
2026-06-14T22:23:21.993+05:30  INFO 59591 --- [        task-15] c.i.alert.redis.AlertRedisPublisher      : Published to Redis. channel=alerts:live alertId=ALT-20e41de6 traceId=9a9020830f5a4994aa1301bdd3154d33
2026-06-14T22:30:33.439+05:30  INFO 59591 --- [t-service-group] o.a.k.c.c.internals.ConsumerCoordinator  : [Consumer clientId=consumer-alert-service-group-2, groupId=alert-service-group] Attempt to heartbeat failed since coordinator localhost:9092 (id: 2147483646 rack: null) is either not started or not valid
2026-06-14T22:30:33.439+05:30  INFO 59591 --- [t-service-group] o.a.k.c.c.internals.ConsumerCoordinator  : [Consumer clientId=consumer-alert-service-group-3, groupId=alert-service-group] Attempt to heartbeat failed since coordinator localhost:9092 (id: 2147483646 rack: null) is either not started or not valid
2026-06-14T22:30:33.439+05:30  INFO 59591 --- [t-service-group] o.a.k.c.c.internals.ConsumerCoordinator  : [Consumer clientId=consumer-alert-service-group-1, groupId=alert-service-group] Attempt to heartbeat failed since coordinator localhost:9092 (id: 2147483646 rack: null) is either not started or not valid
2026-06-14T22:30:34.787+05:30  INFO 59591 --- [t-service-group] o.a.k.c.c.internals.ConsumerCoordinator  : [Consumer clientId=consumer-alert-service-group-3, groupId=alert-service-group] Group coordinator localhost:9092 (id: 2147483646 rack: null) is unavailable or invalid due to cause: error response NOT_COORDINATOR. isDisconnected: false. Rediscovery will be attempted.
2026-06-14T22:30:34.787+05:30  INFO 59591 --- [t-service-group] o.a.k.c.c.internals.ConsumerCoordinator  : [Consumer clientId=consumer-alert-service-group-2, groupId=alert-service-group] Group coordinator localhost:9092 (id: 2147483646 rack: null) is unavailable or invalid due to cause: error response NOT_COORDINATOR. isDisconnected: false. Rediscovery will be attempted.
2026-06-14T22:30:34.787+05:30  INFO 59591 --- [t-service-group] o.a.k.c.c.internals.ConsumerCoordinator  : [Consumer clientId=consumer-alert-service-group-1, groupId=alert-service-group] Group coordinator localhost:9092 (id: 2147483646 rack: null) is unavailable or invalid due to cause: error response NOT_COORDINATOR. isDisconnected: false. Rediscovery will be attempted.
2026-06-14T22:30:34.799+05:30  INFO 59591 --- [t-service-group] o.a.k.c.c.internals.ConsumerCoordinator  : [Consumer clientId=consumer-alert-service-group-1, groupId=alert-service-group] Requesting disconnect from last known coordinator localhost:9092 (id: 2147483646 rack: null)
2026-06-14T22:30:34.799+05:30  INFO 59591 --- [t-service-group] o.a.k.c.c.internals.ConsumerCoordinator  : [Consumer clientId=consumer-alert-service-group-2, groupId=alert-service-group] Requesting disconnect from last known coordinator localhost:9092 (id: 2147483646 rack: null)
2026-06-14T22:30:34.799+05:30  INFO 59591 --- [t-service-group] o.a.k.c.c.internals.ConsumerCoordinator  : [Consumer clientId=consumer-alert-service-group-3, groupId=alert-service-group] Requesting disconnect from last known coordinator localhost:9092 (id: 2147483646 rack: null)
2026-06-14T22:30:35.189+05:30  INFO 59591 --- [ntainer#0-0-C-1] org.apache.kafka.clients.NetworkClient   : [Consumer clientId=consumer-alert-service-group-1, groupId=alert-service-group] Client requested disconnect from node 2147483646
2026-06-14T22:30:35.202+05:30  INFO 59591 --- [ntainer#0-1-C-1] org.apache.kafka.clients.NetworkClient   : [Consumer clientId=consumer-alert-service-group-2, groupId=alert-service-group] Client requested disconnect from node 2147483646
2026-06-14T22:30:35.207+05:30  INFO 59591 --- [ntainer#0-2-C-1] org.apache.kafka.clients.NetworkClient   : [Consumer clientId=consumer-alert-service-group-3, groupId=alert-service-group] Client requested disconnect from node 2147483646
2026-06-14T22:30:36.576+05:30  INFO 59591 --- [ntainer#0-1-C-1] o.a.k.c.c.internals.ConsumerCoordinator  : [Consumer clientId=consumer-alert-service-group-2, groupId=alert-service-group] Discovered group coordinator localhost:9092 (id: 2147483646 rack: null)
2026-06-14T22:30:36.576+05:30  INFO 59591 --- [ntainer#0-0-C-1] o.a.k.c.c.internals.ConsumerCoordinator  : [Consumer clientId=consumer-alert-service-group-1, groupId=alert-service-group] Discovered group coordinator localhost:9092 (id: 2147483646 rack: null)
2026-06-14T22:30:36.576+05:30  INFO 59591 --- [ntainer#0-2-C-1] o.a.k.c.c.internals.ConsumerCoordinator  : [Consumer clientId=consumer-alert-service-group-3, groupId=alert-service-group] Discovered group coordinator localhost:9092 (id: 2147483646 rack: null)
2026-06-14T22:30:37.227+05:30  INFO 59591 --- [ntainer#0-1-C-1] o.a.k.c.c.internals.ConsumerCoordinator  : [Consumer clientId=consumer-alert-service-group-2, groupId=alert-service-group] Discovered group coordinator localhost:9092 (id: 2147483646 rack: null)
2026-06-14T22:30:37.227+05:30  INFO 59591 --- [ntainer#0-0-C-1] o.a.k.c.c.internals.ConsumerCoordinator  : [Consumer clientId=consumer-alert-service-group-1, groupId=alert-service-group] Discovered group coordinator localhost:9092 (id: 2147483646 rack: null)
2026-06-14T22:30:39.206+05:30  INFO 59591 --- [t-service-group] o.a.k.c.c.internals.ConsumerCoordinator  : [Consumer clientId=consumer-alert-service-group-2, groupId=alert-service-group] Attempt to heartbeat failed since coordinator localhost:9092 (id: 2147483646 rack: null) is either not started or not valid
2026-06-14T22:30:39.222+05:30  INFO 59591 --- [t-service-group] o.a.k.c.c.internals.ConsumerCoordinator  : [Consumer clientId=consumer-alert-service-group-1, groupId=alert-service-group] Attempt to heartbeat failed since coordinator localhost:9092 (id: 2147483646 rack: null) is either not started or not valid
2026-06-14T22:30:39.222+05:30  INFO 59591 --- [t-service-group] o.a.k.c.c.internals.ConsumerCoordinator  : [Consumer clientId=consumer-alert-service-group-1, groupId=alert-service-group] Group coordinator localhost:9092 (id: 2147483646 rack: null) is unavailable or invalid due to cause: error response NOT_COORDINATOR. isDisconnected: false. Rediscovery will be attempted.
2026-06-14T22:30:39.222+05:30  INFO 59591 --- [t-service-group] o.a.k.c.c.internals.ConsumerCoordinator  : [Consumer clientId=consumer-alert-service-group-2, groupId=alert-service-group] Group coordinator localhost:9092 (id: 2147483646 rack: null) is unavailable or invalid due to cause: error response NOT_COORDINATOR. isDisconnected: false. Rediscovery will be attempted.
2026-06-14T22:30:39.222+05:30  INFO 59591 --- [t-service-group] o.a.k.c.c.internals.ConsumerCoordinator  : [Consumer clientId=consumer-alert-service-group-1, groupId=alert-service-group] Requesting disconnect from last known coordinator localhost:9092 (id: 2147483646 rack: null)
2026-06-14T22:30:39.222+05:30  INFO 59591 --- [t-service-group] o.a.k.c.c.internals.ConsumerCoordinator  : [Consumer clientId=consumer-alert-service-group-2, groupId=alert-service-group] Requesting disconnect from last known coordinator localhost:9092 (id: 2147483646 rack: null)
2026-06-14T22:30:39.325+05:30  INFO 59591 --- [t-service-group] org.apache.kafka.clients.NetworkClient   : [Consumer clientId=consumer-alert-service-group-2, groupId=alert-service-group] Client requested disconnect from node 2147483646
2026-06-14T22:30:39.326+05:30  INFO 59591 --- [t-service-group] org.apache.kafka.clients.NetworkClient   : [Consumer clientId=consumer-alert-service-group-1, groupId=alert-service-group] Client requested disconnect from node 2147483646
2026-06-14T22:30:39.427+05:30  INFO 59591 --- [t-service-group] o.a.k.c.c.internals.ConsumerCoordinator  : [Consumer clientId=consumer-alert-service-group-2, groupId=alert-service-group] Discovered group coordinator localhost:9092 (id: 2147483646 rack: null)
2026-06-14T22:30:39.545+05:30  INFO 59591 --- [t-service-group] o.a.k.c.c.internals.ConsumerCoordinator  : [Consumer clientId=consumer-alert-service-group-1, groupId=alert-service-group] Discovered group coordinator localhost:9092 (id: 2147483646 rack: null)
2026-06-14T22:30:39.979+05:30  INFO 59591 --- [t-service-group] o.a.k.c.c.internals.ConsumerCoordinator  : [Consumer clientId=consumer-alert-service-group-2, groupId=alert-service-group] Attempt to heartbeat failed since coordinator localhost:9092 (id: 2147483646 rack: null) is either not started or not valid
2026-06-14T22:30:39.983+05:30  INFO 59591 --- [t-service-group] o.a.k.c.c.internals.ConsumerCoordinator  : [Consumer clientId=consumer-alert-service-group-2, groupId=alert-service-group] Group coordinator localhost:9092 (id: 2147483646 rack: null) is unavailable or invalid due to cause: error response NOT_COORDINATOR. isDisconnected: false. Rediscovery will be attempted.
2026-06-14T22:30:39.983+05:30  INFO 59591 --- [t-service-group] o.a.k.c.c.internals.ConsumerCoordinator  : [Consumer clientId=consumer-alert-service-group-2, groupId=alert-service-group] Requesting disconnect from last known coordinator localhost:9092 (id: 2147483646 rack: null)
2026-06-14T22:30:39.985+05:30  INFO 59591 --- [t-service-group] o.a.k.c.c.internals.ConsumerCoordinator  : [Consumer clientId=consumer-alert-service-group-1, groupId=alert-service-group] Attempt to heartbeat failed since coordinator localhost:9092 (id: 2147483646 rack: null) is either not started or not valid
2026-06-14T22:30:39.985+05:30  INFO 59591 --- [t-service-group] o.a.k.c.c.internals.ConsumerCoordinator  : [Consumer clientId=consumer-alert-service-group-1, groupId=alert-service-group] Group coordinator localhost:9092 (id: 2147483646 rack: null) is unavailable or invalid due to cause: error response NOT_COORDINATOR. isDisconnected: false. Rediscovery will be attempted.
2026-06-14T22:30:39.985+05:30  INFO 59591 --- [t-service-group] o.a.k.c.c.internals.ConsumerCoordinator  : [Consumer clientId=consumer-alert-service-group-1, groupId=alert-service-group] Requesting disconnect from last known coordinator localhost:9092 (id: 2147483646 rack: null)
2026-06-14T22:30:40.087+05:30  INFO 59591 --- [t-service-group] org.apache.kafka.clients.NetworkClient   : [Consumer clientId=consumer-alert-service-group-2, groupId=alert-service-group] Client requested disconnect from node 2147483646
2026-06-14T22:30:40.087+05:30  INFO 59591 --- [t-service-group] org.apache.kafka.clients.NetworkClient   : [Consumer clientId=consumer-alert-service-group-1, groupId=alert-service-group] Client requested disconnect from node 2147483646
2026-06-14T22:30:40.288+05:30  INFO 59591 --- [ntainer#0-2-C-1] o.a.k.c.c.internals.ConsumerCoordinator  : [Consumer clientId=consumer-alert-service-group-3, groupId=alert-service-group] Discovered group coordinator localhost:9092 (id: 2147483646 rack: null)
2026-06-14T22:30:40.295+05:30  INFO 59591 --- [t-service-group] o.a.k.c.c.internals.ConsumerCoordinator  : [Consumer clientId=consumer-alert-service-group-1, groupId=alert-service-group] Discovered group coordinator localhost:9092 (id: 2147483646 rack: null)
2026-06-14T22:30:40.301+05:30  INFO 59591 --- [t-service-group] o.a.k.c.c.internals.ConsumerCoordinator  : [Consumer clientId=consumer-alert-service-group-2, groupId=alert-service-group] Discovered group coordinator localhost:9092 (id: 2147483646 rack: null)
2026-06-14T22:30:40.405+05:30  INFO 59591 --- [t-service-group] o.a.k.c.c.internals.ConsumerCoordinator  : [Consumer clientId=consumer-alert-service-group-2, groupId=alert-service-group] Discovered group coordinator localhost:9092 (id: 2147483646 rack: null)
2026-06-14T22:30:40.406+05:30  INFO 59591 --- [t-service-group] o.a.k.c.c.internals.ConsumerCoordinator  : [Consumer clientId=consumer-alert-service-group-1, groupId=alert-service-group] Discovered group coordinator localhost:9092 (id: 2147483646 rack: null)
2026-06-14T22:30:40.619+05:30  INFO 59591 --- [t-service-group] o.a.k.c.c.internals.ConsumerCoordinator  : [Consumer clientId=consumer-alert-service-group-3, groupId=alert-service-group] Attempt to heartbeat failed since coordinator localhost:9092 (id: 2147483646 rack: null) is either not started or not valid
2026-06-14T22:30:40.619+05:30  INFO 59591 --- [t-service-group] o.a.k.c.c.internals.ConsumerCoordinator  : [Consumer clientId=consumer-alert-service-group-3, groupId=alert-service-group] Group coordinator localhost:9092 (id: 2147483646 rack: null) is unavailable or invalid due to cause: error response NOT_COORDINATOR. isDisconnected: false. Rediscovery will be attempted.
2026-06-14T22:30:40.619+05:30  INFO 59591 --- [t-service-group] o.a.k.c.c.internals.ConsumerCoordinator  : [Consumer clientId=consumer-alert-service-group-3, groupId=alert-service-group] Requesting disconnect from last known coordinator localhost:9092 (id: 2147483646 rack: null)
2026-06-14T22:30:40.720+05:30  INFO 59591 --- [t-service-group] org.apache.kafka.clients.NetworkClient   : [Consumer clientId=consumer-alert-service-group-3, groupId=alert-service-group] Client requested disconnect from node 2147483646
2026-06-14T22:30:40.825+05:30  INFO 59591 --- [t-service-group] o.a.k.c.c.internals.ConsumerCoordinator  : [Consumer clientId=consumer-alert-service-group-1, groupId=alert-service-group] Attempt to heartbeat failed since coordinator localhost:9092 (id: 2147483646 rack: null) is either not started or not valid
2026-06-14T22:30:40.825+05:30  INFO 59591 --- [t-service-group] o.a.k.c.c.internals.ConsumerCoordinator  : [Consumer clientId=consumer-alert-service-group-1, groupId=alert-service-group] Group coordinator localhost:9092 (id: 2147483646 rack: null) is unavailable or invalid due to cause: error response NOT_COORDINATOR. isDisconnected: false. Rediscovery will be attempted.
2026-06-14T22:30:40.825+05:30  INFO 59591 --- [t-service-group] o.a.k.c.c.internals.ConsumerCoordinator  : [Consumer clientId=consumer-alert-service-group-1, groupId=alert-service-group] Requesting disconnect from last known coordinator localhost:9092 (id: 2147483646 rack: null)
2026-06-14T22:30:40.855+05:30  INFO 59591 --- [t-service-group] o.a.k.c.c.internals.ConsumerCoordinator  : [Consumer clientId=consumer-alert-service-group-3, groupId=alert-service-group] Discovered group coordinator localhost:9092 (id: 2147483646 rack: null)
2026-06-14T22:30:40.877+05:30  INFO 59591 --- [t-service-group] o.a.k.c.c.internals.ConsumerCoordinator  : [Consumer clientId=consumer-alert-service-group-2, groupId=alert-service-group] Attempt to heartbeat failed since coordinator localhost:9092 (id: 2147483646 rack: null) is either not started or not valid
2026-06-14T22:30:40.877+05:30  INFO 59591 --- [t-service-group] o.a.k.c.c.internals.ConsumerCoordinator  : [Consumer clientId=consumer-alert-service-group-2, groupId=alert-service-group] Group coordinator localhost:9092 (id: 2147483646 rack: null) is unavailable or invalid due to cause: error response NOT_COORDINATOR. isDisconnected: false. Rediscovery will be attempted.
2026-06-14T22:30:40.877+05:30  INFO 59591 --- [t-service-group] o.a.k.c.c.internals.ConsumerCoordinator  : [Consumer clientId=consumer-alert-service-group-2, groupId=alert-service-group] Requesting disconnect from last known coordinator localhost:9092 (id: 2147483646 rack: null)
2026-06-14T22:30:40.926+05:30  INFO 59591 --- [t-service-group] org.apache.kafka.clients.NetworkClient   : [Consumer clientId=consumer-alert-service-group-1, groupId=alert-service-group] Client requested disconnect from node 2147483646
2026-06-14T22:30:40.981+05:30  INFO 59591 --- [t-service-group] org.apache.kafka.clients.NetworkClient   : [Consumer clientId=consumer-alert-service-group-2, groupId=alert-service-group] Client requested disconnect from node 2147483646
2026-06-14T22:30:41.335+05:30  INFO 59591 --- [ntainer#0-2-C-1] o.a.k.c.c.internals.ConsumerCoordinator  : [Consumer clientId=consumer-alert-service-group-3, groupId=alert-service-group] Attempt to heartbeat failed since coordinator localhost:9092 (id: 2147483646 rack: null) is either not started or not valid
2026-06-14T22:30:41.345+05:30  INFO 59591 --- [ntainer#0-2-C-1] o.a.k.c.c.internals.ConsumerCoordinator  : [Consumer clientId=consumer-alert-service-group-3, groupId=alert-service-group] Group coordinator localhost:9092 (id: 2147483646 rack: null) is unavailable or invalid due to cause: error response NOT_COORDINATOR. isDisconnected: false. Rediscovery will be attempted.
2026-06-14T22:30:41.345+05:30  INFO 59591 --- [ntainer#0-2-C-1] o.a.k.c.c.internals.ConsumerCoordinator  : [Consumer clientId=consumer-alert-service-group-3, groupId=alert-service-group] Requesting disconnect from last known coordinator localhost:9092 (id: 2147483646 rack: null)
2026-06-14T22:30:41.345+05:30  INFO 59591 --- [t-service-group] org.apache.kafka.clients.NetworkClient   : [Consumer clientId=consumer-alert-service-group-3, groupId=alert-service-group] Client requested disconnect from node 2147483646
2026-06-14T22:30:41.733+05:30  INFO 59591 --- [ntainer#0-0-C-1] o.a.k.c.c.internals.ConsumerCoordinator  : [Consumer clientId=consumer-alert-service-group-1, groupId=alert-service-group] Discovered group coordinator localhost:9092 (id: 2147483646 rack: null)
2026-06-14T22:30:41.795+05:30  INFO 59591 --- [ntainer#0-0-C-1] o.a.k.c.c.internals.ConsumerCoordinator  : [Consumer clientId=consumer-alert-service-group-1, groupId=alert-service-group] Attempt to heartbeat failed since coordinator localhost:9092 (id: 2147483646 rack: null) is either not started or not valid
2026-06-14T22:30:41.795+05:30  INFO 59591 --- [ntainer#0-0-C-1] o.a.k.c.c.internals.ConsumerCoordinator  : [Consumer clientId=consumer-alert-service-group-1, groupId=alert-service-group] Group coordinator localhost:9092 (id: 2147483646 rack: null) is unavailable or invalid due to cause: error response NOT_COORDINATOR. isDisconnected: false. Rediscovery will be attempted.
2026-06-14T22:30:41.800+05:30  INFO 59591 --- [ntainer#0-0-C-1] o.a.k.c.c.internals.ConsumerCoordinator  : [Consumer clientId=consumer-alert-service-group-1, groupId=alert-service-group] Requesting disconnect from last known coordinator localhost:9092 (id: 2147483646 rack: null)
2026-06-14T22:30:41.800+05:30  INFO 59591 --- [t-service-group] org.apache.kafka.clients.NetworkClient   : [Consumer clientId=consumer-alert-service-group-1, groupId=alert-service-group] Client requested disconnect from node 2147483646
2026-06-14T22:30:41.816+05:30  INFO 59591 --- [ntainer#0-0-C-1] o.a.k.c.c.internals.ConsumerCoordinator  : [Consumer clientId=consumer-alert-service-group-1, groupId=alert-service-group] Discovered group coordinator localhost:9092 (id: 2147483646 rack: null)
2026-06-14T22:30:41.820+05:30  INFO 59591 --- [ntainer#0-0-C-1] o.a.k.c.c.internals.ConsumerCoordinator  : [Consumer clientId=consumer-alert-service-group-1, groupId=alert-service-group] Group coordinator localhost:9092 (id: 2147483646 rack: null) is unavailable or invalid due to cause: coordinator unavailable. isDisconnected: false. Rediscovery will be attempted.
2026-06-14T22:30:41.820+05:30  INFO 59591 --- [ntainer#0-0-C-1] o.a.k.c.c.internals.ConsumerCoordinator  : [Consumer clientId=consumer-alert-service-group-1, groupId=alert-service-group] Requesting disconnect from last known coordinator localhost:9092 (id: 2147483646 rack: null)
2026-06-14T22:30:41.837+05:30  INFO 59591 --- [ntainer#0-1-C-1] o.a.k.c.c.internals.ConsumerCoordinator  : [Consumer clientId=consumer-alert-service-group-2, groupId=alert-service-group] Discovered group coordinator localhost:9092 (id: 2147483646 rack: null)
2026-06-14T22:30:41.862+05:30  INFO 59591 --- [ntainer#0-2-C-1] o.a.k.c.c.internals.ConsumerCoordinator  : [Consumer clientId=consumer-alert-service-group-3, groupId=alert-service-group] Discovered group coordinator localhost:9092 (id: 2147483646 rack: null)
2026-06-14T22:30:41.925+05:30  INFO 59591 --- [ntainer#0-1-C-1] o.a.k.c.c.internals.ConsumerCoordinator  : [Consumer clientId=consumer-alert-service-group-2, groupId=alert-service-group] Attempt to heartbeat failed since coordinator localhost:9092 (id: 2147483646 rack: null) is either not started or not valid
2026-06-14T22:30:41.925+05:30  INFO 59591 --- [ntainer#0-1-C-1] o.a.k.c.c.internals.ConsumerCoordinator  : [Consumer clientId=consumer-alert-service-group-2, groupId=alert-service-group] Group coordinator localhost:9092 (id: 2147483646 rack: null) is unavailable or invalid due to cause: error response NOT_COORDINATOR. isDisconnected: false. Rediscovery will be attempted.
2026-06-14T22:30:41.925+05:30  INFO 59591 --- [ntainer#0-1-C-1] o.a.k.c.c.internals.ConsumerCoordinator  : [Consumer clientId=consumer-alert-service-group-2, groupId=alert-service-group] Requesting disconnect from last known coordinator localhost:9092 (id: 2147483646 rack: null)
2026-06-14T22:30:41.925+05:30  INFO 59591 --- [t-service-group] org.apache.kafka.clients.NetworkClient   : [Consumer clientId=consumer-alert-service-group-2, groupId=alert-service-group] Client requested disconnect from node 2147483646
2026-06-14T22:30:41.953+05:30  INFO 59591 --- [ntainer#0-0-C-1] o.a.k.c.c.internals.ConsumerCoordinator  : [Consumer clientId=consumer-alert-service-group-1, groupId=alert-service-group] Discovered group coordinator localhost:9092 (id: 2147483646 rack: null)
2026-06-14T22:30:41.964+05:30  INFO 59591 --- [ntainer#0-2-C-1] o.a.k.c.c.internals.ConsumerCoordinator  : [Consumer clientId=consumer-alert-service-group-3, groupId=alert-service-group] Attempt to heartbeat failed since coordinator localhost:9092 (id: 2147483646 rack: null) is either not started or not valid
2026-06-14T22:30:41.964+05:30  INFO 59591 --- [ntainer#0-2-C-1] o.a.k.c.c.internals.ConsumerCoordinator  : [Consumer clientId=consumer-alert-service-group-3, groupId=alert-service-group] Group coordinator localhost:9092 (id: 2147483646 rack: null) is unavailable or invalid due to cause: error response NOT_COORDINATOR. isDisconnected: false. Rediscovery will be attempted.
2026-06-14T22:30:41.965+05:30  INFO 59591 --- [ntainer#0-2-C-1] o.a.k.c.c.internals.ConsumerCoordinator  : [Consumer clientId=consumer-alert-service-group-3, groupId=alert-service-group] Requesting disconnect from last known coordinator localhost:9092 (id: 2147483646 rack: null)
2026-06-14T22:30:41.965+05:30  INFO 59591 --- [ntainer#0-2-C-1] org.apache.kafka.clients.NetworkClient   : [Consumer clientId=consumer-alert-service-group-3, groupId=alert-service-group] Client requested disconnect from node 2147483646
2026-06-14T22:30:42.461+05:30  INFO 59591 --- [ntainer#0-1-C-1] o.a.k.c.c.internals.ConsumerCoordinator  : [Consumer clientId=consumer-alert-service-group-2, groupId=alert-service-group] Discovered group coordinator localhost:9092 (id: 2147483646 rack: null)
2026-06-14T22:30:42.461+05:30  INFO 59591 --- [ntainer#0-2-C-1] o.a.k.c.c.internals.ConsumerCoordinator  : [Consumer clientId=consumer-alert-service-group-3, groupId=alert-service-group] Discovered group coordinator localhost:9092 (id: 2147483646 rack: null)
2026-06-14T22:30:42.777+05:30  INFO 59591 --- [ntainer#0-1-C-1] o.a.k.c.c.internals.ConsumerCoordinator  : [Consumer clientId=consumer-alert-service-group-2, groupId=alert-service-group] Attempt to heartbeat failed since coordinator localhost:9092 (id: 2147483646 rack: null) is either not started or not valid
2026-06-14T22:30:42.778+05:30  INFO 59591 --- [ntainer#0-1-C-1] o.a.k.c.c.internals.ConsumerCoordinator  : [Consumer clientId=consumer-alert-service-group-2, groupId=alert-service-group] Group coordinator localhost:9092 (id: 2147483646 rack: null) is unavailable or invalid due to cause: error response NOT_COORDINATOR. isDisconnected: false. Rediscovery will be attempted.
2026-06-14T22:30:42.778+05:30  INFO 59591 --- [ntainer#0-1-C-1] o.a.k.c.c.internals.ConsumerCoordinator  : [Consumer clientId=consumer-alert-service-group-2, groupId=alert-service-group] Requesting disconnect from last known coordinator localhost:9092 (id: 2147483646 rack: null)
2026-06-14T22:30:42.778+05:30  INFO 59591 --- [t-service-group] org.apache.kafka.clients.NetworkClient   : [Consumer clientId=consumer-alert-service-group-2, groupId=alert-service-group] Client requested disconnect from node 2147483646
2026-06-14T22:30:42.806+05:30  INFO 59591 --- [ntainer#0-0-C-1] o.a.k.c.c.internals.ConsumerCoordinator  : [Consumer clientId=consumer-alert-service-group-1, groupId=alert-service-group] Attempt to heartbeat failed since coordinator localhost:9092 (id: 2147483646 rack: null) is either not started or not valid
2026-06-14T22:30:42.806+05:30  INFO 59591 --- [ntainer#0-0-C-1] o.a.k.c.c.internals.ConsumerCoordinator  : [Consumer clientId=consumer-alert-service-group-1, groupId=alert-service-group] Group coordinator localhost:9092 (id: 2147483646 rack: null) is unavailable or invalid due to cause: error response NOT_COORDINATOR. isDisconnected: false. Rediscovery will be attempted.
2026-06-14T22:30:42.806+05:30  INFO 59591 --- [ntainer#0-0-C-1] o.a.k.c.c.internals.ConsumerCoordinator  : [Consumer clientId=consumer-alert-service-group-1, groupId=alert-service-group] Requesting disconnect from last known coordinator localhost:9092 (id: 2147483646 rack: null)
2026-06-14T22:30:42.807+05:30  INFO 59591 --- [ntainer#0-0-C-1] org.apache.kafka.clients.NetworkClient   : [Consumer clientId=consumer-alert-service-group-1, groupId=alert-service-group] Client requested disconnect from node 2147483646
2026-06-14T22:30:42.831+05:30  INFO 59591 --- [ntainer#0-2-C-1] o.a.k.c.c.internals.ConsumerCoordinator  : [Consumer clientId=consumer-alert-service-group-3, groupId=alert-service-group] Attempt to heartbeat failed since coordinator localhost:9092 (id: 2147483646 rack: null) is either not started or not valid
2026-06-14T22:30:42.831+05:30  INFO 59591 --- [ntainer#0-2-C-1] o.a.k.c.c.internals.ConsumerCoordinator  : [Consumer clientId=consumer-alert-service-group-3, groupId=alert-service-group] Group coordinator localhost:9092 (id: 2147483646 rack: null) is unavailable or invalid due to cause: error response NOT_COORDINATOR. isDisconnected: false. Rediscovery will be attempted.
2026-06-14T22:30:42.831+05:30  INFO 59591 --- [ntainer#0-2-C-1] o.a.k.c.c.internals.ConsumerCoordinator  : [Consumer clientId=consumer-alert-service-group-3, groupId=alert-service-group] Requesting disconnect from last known coordinator localhost:9092 (id: 2147483646 rack: null)
2026-06-14T22:30:42.831+05:30  INFO 59591 --- [ntainer#0-2-C-1] org.apache.kafka.clients.NetworkClient   : [Consumer clientId=consumer-alert-service-group-3, groupId=alert-service-group] Client requested disconnect from node 2147483646
2026-06-14T22:30:42.938+05:30  INFO 59591 --- [ntainer#0-0-C-1] o.a.k.c.c.internals.ConsumerCoordinator  : [Consumer clientId=consumer-alert-service-group-1, groupId=alert-service-group] Discovered group coordinator localhost:9092 (id: 2147483646 rack: null)
2026-06-14T22:30:42.968+05:30  INFO 59591 --- [ntainer#0-2-C-1] o.a.k.c.c.internals.ConsumerCoordinator  : [Consumer clientId=consumer-alert-service-group-3, groupId=alert-service-group] Discovered group coordinator localhost:9092 (id: 2147483646 rack: null)
2026-06-14T22:30:42.977+05:30  INFO 59591 --- [ntainer#0-1-C-1] o.a.k.c.c.internals.ConsumerCoordinator  : [Consumer clientId=consumer-alert-service-group-2, groupId=alert-service-group] Discovered group coordinator localhost:9092 (id: 2147483646 rack: null)
