WARNING: A restricted method in java.lang.System has been called
WARNING: java.lang.System::load has been called by org.fusesource.jansi.internal.JansiLoader in an unnamed module (file:/opt/homebrew/Cellar/maven/3.9.9/libexec/lib/jansi-2.4.1.jar)
WARNING: Use --enable-native-access=ALL-UNNAMED to avoid a warning for callers in this module
WARNING: Restricted methods will be blocked in a future release unless native access is enabled

WARNING: A terminally deprecated method in sun.misc.Unsafe has been called
WARNING: sun.misc.Unsafe::objectFieldOffset has been called by com.google.common.util.concurrent.AbstractFuture$UnsafeAtomicHelper (file:/opt/homebrew/Cellar/maven/3.9.9/libexec/lib/guava-33.2.1-jre.jar)
WARNING: Please consider reporting this to the maintainers of class com.google.common.util.concurrent.AbstractFuture$UnsafeAtomicHelper
WARNING: sun.misc.Unsafe::objectFieldOffset will be removed in a future release
[INFO] Scanning for projects...
[INFO] 
[INFO] --------------------< com.incident:order-simulator >--------------------
[INFO] Building order-simulator 1.0.0-SNAPSHOT
[INFO]   from pom.xml
[INFO] --------------------------------[ jar ]---------------------------------
[INFO] 
[INFO] >>> spring-boot:3.2.5:run (default-cli) > test-compile @ order-simulator >>>
[INFO] 
[INFO] --- resources:3.3.1:resources (default-resources) @ order-simulator ---
[INFO] Copying 1 resource from src/main/resources to target/classes
[INFO] Copying 0 resource from src/main/resources to target/classes
[INFO] 
[INFO] --- compiler:3.11.0:compile (default-compile) @ order-simulator ---
[INFO] Nothing to compile - all classes are up to date
[INFO] 
[INFO] --- resources:3.3.1:testResources (default-testResources) @ order-simulator ---
[INFO] skip non existing resourceDirectory /Users/harshitchaudhary/Documents/Workspace-ai-incident-commander/incident-commander-ai/order-simulator/src/test/resources
[INFO] 
[INFO] --- compiler:3.11.0:testCompile (default-testCompile) @ order-simulator ---
[INFO] No sources to compile
[INFO] 
[INFO] <<< spring-boot:3.2.5:run (default-cli) < test-compile @ order-simulator <<<
[INFO] 
[INFO] 
[INFO] --- spring-boot:3.2.5:run (default-cli) @ order-simulator ---
[INFO] Attaching agents: []

  .   ____          _            __ _ _
 /\\ / ___'_ __ _ _(_)_ __  __ _ \ \ \ \
( ( )\___ | '_ | '_| | '_ \/ _` | \ \ \ \
 \\/  ___)| |_)| | | | | || (_| |  ) ) ) )
  '  |____| .__|_| |_|_| |_\__, | / / / /
 =========|_|==============|___/=/_/_/_/
[32m :: Spring Boot :: [39m              [2m (v3.2.5)[0;39m

[2m2026-06-14T20:50:10.907+05:30[0;39m [32m INFO[0;39m [35m57521[0;39m [2m---[0;39m [2m[order-simulator] [           main][0;39m [2m[0;39m[36mcom.incident.simulator.Application      [0;39m [2m:[0;39m Starting Application using Java 24.0.1 with PID 57521 (/Users/harshitchaudhary/Documents/Workspace-ai-incident-commander/incident-commander-ai/order-simulator/target/classes started by harshitchaudhary in /Users/harshitchaudhary/Documents/Workspace-ai-incident-commander/incident-commander-ai/order-simulator)
[2m2026-06-14T20:50:10.908+05:30[0;39m [32mDEBUG[0;39m [35m57521[0;39m [2m---[0;39m [2m[order-simulator] [           main][0;39m [2m[0;39m[36mcom.incident.simulator.Application      [0;39m [2m:[0;39m Running with Spring Boot v3.2.5, Spring v6.1.6
[2m2026-06-14T20:50:10.908+05:30[0;39m [32m INFO[0;39m [35m57521[0;39m [2m---[0;39m [2m[order-simulator] [           main][0;39m [2m[0;39m[36mcom.incident.simulator.Application      [0;39m [2m:[0;39m No active profile set, falling back to 1 default profile: "default"
WARNING: A restricted method in java.lang.System has been called
WARNING: java.lang.System::load has been called by org.apache.tomcat.jni.Library in an unnamed module (file:/Users/harshitchaudhary/.m2/repository/org/apache/tomcat/embed/tomcat-embed-core/10.1.20/tomcat-embed-core-10.1.20.jar)
WARNING: Use --enable-native-access=ALL-UNNAMED to avoid a warning for callers in this module
WARNING: Restricted methods will be blocked in a future release unless native access is enabled

[2m2026-06-14T20:50:11.378+05:30[0;39m [32m INFO[0;39m [35m57521[0;39m [2m---[0;39m [2m[order-simulator] [           main][0;39m [2m[0;39m[36mo.s.b.w.embedded.tomcat.TomcatWebServer [0;39m [2m:[0;39m Tomcat initialized with port 8081 (http)
[2m2026-06-14T20:50:11.382+05:30[0;39m [32m INFO[0;39m [35m57521[0;39m [2m---[0;39m [2m[order-simulator] [           main][0;39m [2m[0;39m[36mo.apache.catalina.core.StandardService  [0;39m [2m:[0;39m Starting service [Tomcat]
[2m2026-06-14T20:50:11.383+05:30[0;39m [32m INFO[0;39m [35m57521[0;39m [2m---[0;39m [2m[order-simulator] [           main][0;39m [2m[0;39m[36mo.apache.catalina.core.StandardEngine   [0;39m [2m:[0;39m Starting Servlet engine: [Apache Tomcat/10.1.20]
[2m2026-06-14T20:50:11.403+05:30[0;39m [32m INFO[0;39m [35m57521[0;39m [2m---[0;39m [2m[order-simulator] [           main][0;39m [2m[0;39m[36mo.a.c.c.C.[Tomcat].[localhost].[/]      [0;39m [2m:[0;39m Initializing Spring embedded WebApplicationContext
[2m2026-06-14T20:50:11.403+05:30[0;39m [32m INFO[0;39m [35m57521[0;39m [2m---[0;39m [2m[order-simulator] [           main][0;39m [2m[0;39m[36mw.s.c.ServletWebServerApplicationContext[0;39m [2m:[0;39m Root WebApplicationContext: initialization completed in 475 ms
WARNING: A terminally deprecated method in sun.misc.Unsafe has been called
WARNING: sun.misc.Unsafe::objectFieldOffset has been called by io.netty.util.internal.PlatformDependent0$4 (file:/Users/harshitchaudhary/.m2/repository/io/netty/netty-common/4.1.109.Final/netty-common-4.1.109.Final.jar)
WARNING: Please consider reporting this to the maintainers of class io.netty.util.internal.PlatformDependent0$4
WARNING: sun.misc.Unsafe::objectFieldOffset will be removed in a future release
[2m2026-06-14T20:50:11.526+05:30[0;39m [31mERROR[0;39m [35m57521[0;39m [2m---[0;39m [2m[order-simulator] [           main][0;39m [2m[0;39m[36mi.n.r.d.DnsServerAddressStreamProviders [0;39m [2m:[0;39m Unable to load io.netty.resolver.dns.macos.MacOSDnsServerAddressStreamProvider, fallback to system defaults. This may result in incorrect DNS resolutions on MacOS. Check whether you have a dependency on 'io.netty:netty-resolver-dns-native-macos'. Use DEBUG level to see the full stack: java.lang.UnsatisfiedLinkError: failed to load the required native library
[2m2026-06-14T20:50:11.788+05:30[0;39m [32m INFO[0;39m [35m57521[0;39m [2m---[0;39m [2m[order-simulator] [           main][0;39m [2m[0;39m[36mo.s.b.a.e.web.EndpointLinksResolver     [0;39m [2m:[0;39m Exposing 1 endpoint(s) beneath base path '/actuator'
[2m2026-06-14T20:50:11.822+05:30[0;39m [32m INFO[0;39m [35m57521[0;39m [2m---[0;39m [2m[order-simulator] [           main][0;39m [2m[0;39m[36mo.s.b.w.embedded.tomcat.TomcatWebServer [0;39m [2m:[0;39m Tomcat started on port 8081 (http) with context path ''
[2m2026-06-14T20:50:11.832+05:30[0;39m [32m INFO[0;39m [35m57521[0;39m [2m---[0;39m [2m[order-simulator] [           main][0;39m [2m[0;39m[36mcom.incident.simulator.Application      [0;39m [2m:[0;39m Started Application in 1.071 seconds (process running for 1.187)
[2m2026-06-14T20:56:51.612+05:30[0;39m [32m INFO[0;39m [35m57521[0;39m [2m---[0;39m [2m[order-simulator] [nio-8081-exec-1][0;39m [2m[0;39m[36mo.a.c.c.C.[Tomcat].[localhost].[/]      [0;39m [2m:[0;39m Initializing Spring DispatcherServlet 'dispatcherServlet'
[2m2026-06-14T20:56:51.621+05:30[0;39m [32m INFO[0;39m [35m57521[0;39m [2m---[0;39m [2m[order-simulator] [nio-8081-exec-1][0;39m [2m[0;39m[36mo.s.web.servlet.DispatcherServlet       [0;39m [2m:[0;39m Initializing Servlet 'dispatcherServlet'
[2m2026-06-14T20:56:51.640+05:30[0;39m [32m INFO[0;39m [35m57521[0;39m [2m---[0;39m [2m[order-simulator] [nio-8081-exec-1][0;39m [2m[0;39m[36mo.s.web.servlet.DispatcherServlet       [0;39m [2m:[0;39m Completed initialization in 19 ms
[2m2026-06-14T20:56:52.217+05:30[0;39m [32m INFO[0;39m [35m57521[0;39m [2m---[0;39m [2m[order-simulator] [ctor-http-nio-2][0;39m [2m[0;39m[36mc.incident.simulator.client.TraceClient [0;39m [2m:[0;39m Successfully sent trace to trace-service
[2m2026-06-14T20:57:14.383+05:30[0;39m [32m INFO[0;39m [35m57521[0;39m [2m---[0;39m [2m[order-simulator] [ctor-http-nio-3][0;39m [2m[0;39m[36mc.incident.simulator.client.TraceClient [0;39m [2m:[0;39m Successfully sent trace to trace-service
[2m2026-06-14T20:58:56.243+05:30[0;39m [32m INFO[0;39m [35m57521[0;39m [2m---[0;39m [2m[order-simulator] [ctor-http-nio-4][0;39m [2m[0;39m[36mc.incident.simulator.client.TraceClient [0;39m [2m:[0;39m Successfully sent trace to trace-service
[2m2026-06-14T20:59:06.196+05:30[0;39m [32m INFO[0;39m [35m57521[0;39m [2m---[0;39m [2m[order-simulator] [ctor-http-nio-5][0;39m [2m[0;39m[36mc.incident.simulator.client.TraceClient [0;39m [2m:[0;39m Successfully sent trace to trace-service
[2m2026-06-14T21:07:32.152+05:30[0;39m [32m INFO[0;39m [35m57521[0;39m [2m---[0;39m [2m[order-simulator] [ctor-http-nio-6][0;39m [2m[0;39m[36mc.incident.simulator.client.TraceClient [0;39m [2m:[0;39m Successfully sent trace to trace-service
[2m2026-06-14T21:07:51.107+05:30[0;39m [32m INFO[0;39m [35m57521[0;39m [2m---[0;39m [2m[order-simulator] [ctor-http-nio-7][0;39m [2m[0;39m[36mc.incident.simulator.client.TraceClient [0;39m [2m:[0;39m Successfully sent trace to trace-service
[2m2026-06-14T21:08:05.902+05:30[0;39m [32m INFO[0;39m [35m57521[0;39m [2m---[0;39m [2m[order-simulator] [ctor-http-nio-8][0;39m [2m[0;39m[36mc.incident.simulator.client.TraceClient [0;39m [2m:[0;39m Successfully sent trace to trace-service
[2m2026-06-14T21:08:17.652+05:30[0;39m [32m INFO[0;39m [35m57521[0;39m [2m---[0;39m [2m[order-simulator] [ctor-http-nio-1][0;39m [2m[0;39m[36mc.incident.simulator.client.TraceClient [0;39m [2m:[0;39m Successfully sent trace to trace-service
[2m2026-06-14T21:11:32.145+05:30[0;39m [32m INFO[0;39m [35m57521[0;39m [2m---[0;39m [2m[order-simulator] [ctor-http-nio-2][0;39m [2m[0;39m[36mc.incident.simulator.client.TraceClient [0;39m [2m:[0;39m Successfully sent trace to trace-service
[2m2026-06-14T21:13:29.244+05:30[0;39m [32m INFO[0;39m [35m57521[0;39m [2m---[0;39m [2m[order-simulator] [ctor-http-nio-3][0;39m [2m[0;39m[36mc.incident.simulator.client.TraceClient [0;39m [2m:[0;39m Successfully sent trace to trace-service
[2m2026-06-14T21:14:06.863+05:30[0;39m [32m INFO[0;39m [35m57521[0;39m [2m---[0;39m [2m[order-simulator] [ctor-http-nio-4][0;39m [2m[0;39m[36mc.incident.simulator.client.TraceClient [0;39m [2m:[0;39m Successfully sent trace to trace-service
[2m2026-06-14T21:14:39.069+05:30[0;39m [32m INFO[0;39m [35m57521[0;39m [2m---[0;39m [2m[order-simulator] [ctor-http-nio-5][0;39m [2m[0;39m[36mc.incident.simulator.client.TraceClient [0;39m [2m:[0;39m Successfully sent trace to trace-service
[2m2026-06-14T21:15:20.474+05:30[0;39m [32m INFO[0;39m [35m57521[0;39m [2m---[0;39m [2m[order-simulator] [ctor-http-nio-6][0;39m [2m[0;39m[36mc.incident.simulator.client.TraceClient [0;39m [2m:[0;39m Successfully sent trace to trace-service
[2m2026-06-14T21:20:31.887+05:30[0;39m [32m INFO[0;39m [35m57521[0;39m [2m---[0;39m [2m[order-simulator] [ctor-http-nio-7][0;39m [2m[0;39m[36mc.incident.simulator.client.TraceClient [0;39m [2m:[0;39m Successfully sent trace to trace-service
[2m2026-06-14T21:20:41.774+05:30[0;39m [32m INFO[0;39m [35m57521[0;39m [2m---[0;39m [2m[order-simulator] [ctor-http-nio-8][0;39m [2m[0;39m[36mc.incident.simulator.client.TraceClient [0;39m [2m:[0;39m Successfully sent trace to trace-service
[2m2026-06-14T21:32:07.129+05:30[0;39m [32m INFO[0;39m [35m57521[0;39m [2m---[0;39m [2m[order-simulator] [ctor-http-nio-1][0;39m [2m[0;39m[36mc.incident.simulator.client.TraceClient [0;39m [2m:[0;39m Successfully sent trace to trace-service
